0 info it worked if it ends with ok
1 verbose cli [ 'C:\\Program Files\\nodejs\\node.exe',
1 verbose cli   'C:\\Program Files\\nodejs\\node_modules\\npm\\bin\\npm-cli.js',
1 verbose cli   'start' ]
2 info using npm@3.10.10
3 info using node@v6.10.2
4 verbose run-script [ 'prestart', 'start', 'poststart' ]
5 info lifecycle highway@0.0.1~prestart: highway@0.0.1
6 silly lifecycle highway@0.0.1~prestart: no script for prestart, continuing
7 info lifecycle highway@0.0.1~start: highway@0.0.1
8 verbose lifecycle highway@0.0.1~start: unsafe-perm in lifecycle true
9 verbose lifecycle highway@0.0.1~start: PATH: C:\Program Files\nodejs\node_modules\npm\bin\node-gyp-bin;E:\Projects\Highway\node_modules\.bin;D:\Program Files (x86)\cmder\bin;D:\Program Files (x86)\cmder\vendor\git-for-windows\cmd;D:\Program Files (x86)\cmder\vendor\conemu-maximus5\ConEmu\Scripts;D:\Program Files (x86)\cmder\vendor\conemu-maximus5;D:\Program Files (x86)\cmder\vendor\conemu-maximus5\ConEmu;C:\ProgramData\Oracle\Java\javapath;C:\Windows\system32;C:\Windows;C:\Windows\System32\Wbem;C:\Windows\System32\WindowsPowerShell\v1.0\;C:\Program Files (x86)\NVIDIA Corporation\PhysX\Common;C:\WINDOWS\system32;C:\WINDOWS;C:\WINDOWS\System32\Wbem;C:\WINDOWS\System32\WindowsPowerShell\v1.0\;C:\Program Files\nodejs\;C:\Python27;D:\Program\Anaconda3;D:\Program\Anaconda3\Scripts;D:\Program\Anaconda3\Library\bin;D:\Program Files (x86)\CTEX\UserData\miktex\bin;D:\Program Files (x86)\CTEX\MiKTeX\miktex\bin;D:\Program Files (x86)\CTEX\CTeX\ctex\bin;D:\Program Files (x86)\CTEX\CTeX\cct\bin;D:\Program Files (x86)\CTEX\CTeX\ty\bin;D:\Program Files (x86)\CTEX\Ghostscript\gs9.05\bin;D:\Program Files (x86)\CTEX\GSview\gsview;D:\Program Files (x86)\CTEX\WinEdt;C:\Ruby23-x64\bin;C:\Users\vag\AppData\Local\Microsoft\WindowsApps;C:\Users\vag\AppData\Roaming\npm;D:\Program Files (x86)\Microsoft VS Code\bin;D:\Program Files (x86)\cmder\vendor\git-for-windows\usr\bin;D:\Program Files (x86)\cmder\vendor\git-for-windows\usr\share\vim\vim74;D:\Program Files (x86)\cmder\
10 verbose lifecycle highway@0.0.1~start: CWD: E:\Projects\Highway
11 silly lifecycle highway@0.0.1~start: Args: [ '/d /s /c', 'webpack-dev-server  --config webpack.config.js' ]
12 silly lifecycle highway@0.0.1~start: Returned: code: 1  signal: null
13 info lifecycle highway@0.0.1~start: Failed to exec start script
14 verbose stack Error: highway@0.0.1 start: `webpack-dev-server  --config webpack.config.js`
14 verbose stack Exit status 1
14 verbose stack     at EventEmitter.<anonymous> (C:\Program Files\nodejs\node_modules\npm\lib\utils\lifecycle.js:255:16)
14 verbose stack     at emitTwo (events.js:106:13)
14 verbose stack     at EventEmitter.emit (events.js:191:7)
14 verbose stack     at ChildProcess.<anonymous> (C:\Program Files\nodejs\node_modules\npm\lib\utils\spawn.js:40:14)
14 verbose stack     at emitTwo (events.js:106:13)
14 verbose stack     at ChildProcess.emit (events.js:191:7)
14 verbose stack     at maybeClose (internal/child_process.js:886:16)
14 verbose stack     at Process.ChildProcess._handle.onexit (internal/child_process.js:226:5)
15 verbose pkgid highway@0.0.1
16 verbose cwd E:\Projects\Highway
17 error Windows_NT 10.0.15063
18 error argv "C:\\Program Files\\nodejs\\node.exe" "C:\\Program Files\\nodejs\\node_modules\\npm\\bin\\npm-cli.js" "start"
19 error node v6.10.2
20 error npm  v3.10.10
21 error code ELIFECYCLE
22 error highway@0.0.1 start: `webpack-dev-server  --config webpack.config.js`
22 error Exit status 1
23 error Failed at the highway@0.0.1 start script 'webpack-dev-server  --config webpack.config.js'.
23 error Make sure you have the latest version of node.js and npm installed.
23 error If you do, this is most likely a problem with the highway package,
23 error not with npm itself.
23 error Tell the author that this fails on your system:
23 error     webpack-dev-server  --config webpack.config.js
23 error You can get information on how to open an issue for this project with:
23 error     npm bugs highway
23 error Or if that isn't available, you can get their info via:
23 error     npm owner ls highway
23 error There is likely additional logging output above.
24 verbose exit [ 1, true ]
